# JRE version: OpenJDK Runtime Environment Temurin-17.0.5+8 (17.0.5+8) (build 17.0.5+8)
# Java VM: OpenJDK 64-Bit Server VM Temurin-17.0.5+8 (17.0.5+8, mixed mode, tiered, compressed oops, compressed class ptrs, parallel gc, linux-amd64)
GC Precious Log:
 CPUs: 4 total, 4 available
 Memory: 5932M
 Large Page Support: Disabled
 NUMA Support: Disabled
 Compressed Oops: Enabled (32-bit)
 Alignments: Space 512K, Generation 512K, Heap 2M
 Heap Min Capacity: 100M
 Heap Initial Capacity: 100M
 Heap Max Capacity: 1G
 Pre-touch: Disabled
 Parallel Workers: 4
Heap:
 PSYoungGen      total 14848K, used 4281K [0x00000000eab00000, 0x00000000ebe80000, 0x0000000100000000)
  eden space 11264K, 6% used [0x00000000eab00000,0x00000000eabb57f0,0x00000000eb600000)
  from space 3584K, 99% used [0x00000000eba00000,0x00000000ebd78c20,0x00000000ebd80000)
  to   space 4096K, 0% used [0x00000000eb600000,0x00000000eb600000,0x00000000eba00000)
 ParOldGen       total 309248K, used 209023K [0x00000000c0000000, 0x00000000d2e00000, 0x00000000eab00000)
  object space 309248K, 67% used [0x00000000c0000000,0x00000000ccc1fc90,0x00000000d2e00000)
 Metaspace       used 65613K, committed 66624K, reserved 1114112K
  class space    used 6935K, committed 7360K, reserved 1048576K
GC Heap History (20 events):
Event: 42,557 GC heap before
{Heap before GC invocations=123 (full 9):
 PSYoungGen      total 15360K, used 15331K [0x00000000eab00000, 0x00000000ebc80000, 0x0000000100000000)
  eden space 14336K, 100% used [0x00000000eab00000,0x00000000eb900000,0x00000000eb900000)
  from space 1024K, 97% used [0x00000000ebb80000,0x00000000ebc78c20,0x00000000ebc80000)
  to   space 1536K, 0% used [0x00000000eb980000,0x00000000eb980000,0x00000000ebb00000)
 ParOldGen       total 309248K, used 204543K [0x00000000c0000000, 0x00000000d2e00000, 0x00000000eab00000)
  object space 309248K, 66% used [0x00000000c0000000,0x00000000cc7bfc90,0x00000000d2e00000)
 Metaspace       used 65350K, committed 66368K, reserved 1114112K
  class space    used 6924K, committed 7360K, reserved 1048576K
}
Event: 42,564 GC heap after
{Heap after GC invocations=123 (full 9):
 PSYoungGen      total 15872K, used 1507K [0x00000000eab00000, 0x00000000ec100000, 0x0000000100000000)
  eden space 14336K, 0% used [0x00000000eab00000,0x00000000eab00000,0x00000000eb900000)
  from space 1536K, 98% used [0x00000000eb980000,0x00000000ebaf8c20,0x00000000ebb00000)
  to   space 4096K, 0% used [0x00000000ebd00000,0x00000000ebd00000,0x00000000ec100000)
 ParOldGen       total 309248K, used 206631K [0x00000000c0000000, 0x00000000d2e00000, 0x00000000eab00000)
  object space 309248K, 66% used [0x00000000c0000000,0x00000000cc9c9c90,0x00000000d2e00000)
 Metaspace       used 65350K, committed 66368K, reserved 1114112K
  class space    used 6924K, committed 7360K, reserved 1048576K
}
Event: 43,470 GC heap before
{Heap before GC invocations=124 (full 9):
 PSYoungGen      total 15872K, used 15843K [0x00000000eab00000, 0x00000000ec100000, 0x0000000100000000)
  eden space 14336K, 100% used [0x00000000eab00000,0x00000000eb900000,0x00000000eb900000)
  from space 1536K, 98% used [0x00000000eb980000,0x00000000ebaf8c20,0x00000000ebb00000)
  to   space 4096K, 0% used [0x00000000ebd00000,0x00000000ebd00000,0x00000000ec100000)
 ParOldGen       total 309248K, used 206631K [0x00000000c0000000, 0x00000000d2e00000, 0x00000000eab00000)
  object space 309248K, 66% used [0x00000000c0000000,0x00000000cc9c9c90,0x00000000d2e00000)
 Metaspace       used 65366K, committed 66368K, reserved 1114112K
  class space    used 6924K, committed 7360K, reserved 1048576K
}
Event: 43,475 GC heap after
{Heap after GC invocations=124 (full 9):
 PSYoungGen      total 17408K, used 2659K [0x00000000eab00000, 0x00000000ec000000, 0x0000000100000000)
  eden space 14336K, 0% used [0x00000000eab00000,0x00000000eab00000,0x00000000eb900000)
  from space 3072K, 86% used [0x00000000ebd00000,0x00000000ebf98c20,0x00000000ec000000)
  to   space 3072K, 0% used [0x00000000eba00000,0x00000000eba00000,0x00000000ebd00000)
 ParOldGen       total 309248K, used 206663K [0x00000000c0000000, 0x00000000d2e00000, 0x00000000eab00000)
  object space 309248K, 66% used [0x00000000c0000000,0x00000000cc9d1c90,0x00000000d2e00000)
 Metaspace       used 65366K, committed 66368K, reserved 1114112K
  class space    used 6924K, committed 7360K, reserved 1048576K
}
Event: 43,814 GC heap before
{Heap before GC invocations=125 (full 9):
 PSYoungGen      total 17408K, used 16995K [0x00000000eab00000, 0x00000000ec000000, 0x0000000100000000)
  eden space 14336K, 100% used [0x00000000eab00000,0x00000000eb900000,0x00000000eb900000)
  from space 3072K, 86% used [0x00000000ebd00000,0x00000000ebf98c20,0x00000000ec000000)
  to   space 3072K, 0% used [0x00000000eba00000,0x00000000eba00000,0x00000000ebd00000)
 ParOldGen       total 309248K, used 206663K [0x00000000c0000000, 0x00000000d2e00000, 0x00000000eab00000)
  object space 309248K, 66% used [0x00000000c0000000,0x00000000cc9d1c90,0x00000000d2e00000)
 Metaspace       used 65370K, committed 66368K, reserved 1114112K
  class space    used 6924K, committed 7360K, reserved 1048576K
}
Event: 43,818 GC heap after
{Heap after GC invocations=125 (full 9):
 PSYoungGen      total 15872K, used 1507K [0x00000000eab00000, 0x00000000ebd80000, 0x0000000100000000)
  eden space 14336K, 0% used [0x00000000eab00000,0x00000000eab00000,0x00000000eb900000)
  from space 1536K, 98% used [0x00000000eba00000,0x00000000ebb78c20,0x00000000ebb80000)
  to   space 2048K, 0% used [0x00000000ebb80000,0x00000000ebb80000,0x00000000ebd80000)
 ParOldGen       total 309248K, used 206663K [0x00000000c0000000, 0x00000000d2e00000, 0x00000000eab00000)
  object space 309248K, 66% used [0x00000000c0000000,0x00000000cc9d1c90,0x00000000d2e00000)
 Metaspace       used 65370K, committed 66368K, reserved 1114112K
  class space    used 6924K, committed 7360K, reserved 1048576K
}
Event: 45,012 GC heap before
{Heap before GC invocations=126 (full 9):
 PSYoungGen      total 15872K, used 15843K [0x00000000eab00000, 0x00000000ebd80000, 0x0000000100000000)
  eden space 14336K, 100% used [0x00000000eab00000,0x00000000eb900000,0x00000000eb900000)
  from space 1536K, 98% used [0x00000000eba00000,0x00000000ebb78c20,0x00000000ebb80000)
  to   space 2048K, 0% used [0x00000000ebb80000,0x00000000ebb80000,0x00000000ebd80000)
 ParOldGen       total 309248K, used 206663K [0x00000000c0000000, 0x00000000d2e00000, 0x00000000eab00000)
  object space 309248K, 66% used [0x00000000c0000000,0x00000000cc9d1c90,0x00000000d2e00000)
 Metaspace       used 65403K, committed 66432K, reserved 1114112K
  class space    used 6925K, committed 7360K, reserved 1048576K
}
Event: 45,019 GC heap after
{Heap after GC invocations=126 (full 9):
 PSYoungGen      total 14848K, used 2019K [0x00000000eab00000, 0x00000000ec100000, 0x0000000100000000)
  eden space 12800K, 0% used [0x00000000eab00000,0x00000000eab00000,0x00000000eb780000)
  from space 2048K, 98% used [0x00000000ebb80000,0x00000000ebd78c20,0x00000000ebd80000)
  to   space 4096K, 0% used [0x00000000eb780000,0x00000000eb780000,0x00000000ebb80000)
 ParOldGen       total 309248K, used 208319K [0x00000000c0000000, 0x00000000d2e00000, 0x00000000eab00000)
  object space 309248K, 67% used [0x00000000c0000000,0x00000000ccb6fc90,0x00000000d2e00000)
 Metaspace       used 65403K, committed 66432K, reserved 1114112K
  class space    used 6925K, committed 7360K, reserved 1048576K
}
Event: 46,820 GC heap before
{Heap before GC invocations=127 (full 9):
 PSYoungGen      total 14848K, used 14819K [0x00000000eab00000, 0x00000000ec100000, 0x0000000100000000)
  eden space 12800K, 100% used [0x00000000eab00000,0x00000000eb780000,0x00000000eb780000)
  from space 2048K, 98% used [0x00000000ebb80000,0x00000000ebd78c20,0x00000000ebd80000)
  to   space 4096K, 0% used [0x00000000eb780000,0x00000000eb780000,0x00000000ebb80000)
 ParOldGen       total 309248K, used 208319K [0x00000000c0000000, 0x00000000d2e00000, 0x00000000eab00000)
  object space 309248K, 67% used [0x00000000c0000000,0x00000000ccb6fc90,0x00000000d2e00000)
 Metaspace       used 65425K, committed 66496K, reserved 1114112K
  class space    used 6925K, committed 7360K, reserved 1048576K
}
Event: 46,824 GC heap after
{Heap after GC invocations=127 (full 9):
 PSYoungGen      total 14336K, used 1059K [0x00000000eab00000, 0x00000000ebc00000, 0x0000000100000000)
  eden space 12800K, 0% used [0x00000000eab00000,0x00000000eab00000,0x00000000eb780000)
  from space 1536K, 68% used [0x00000000eb780000,0x00000000eb888c20,0x00000000eb900000)
  to   space 2048K, 0% used [0x00000000eba00000,0x00000000eba00000,0x00000000ebc00000)
 ParOldGen       total 309248K, used 208351K [0x00000000c0000000, 0x00000000d2e00000, 0x00000000eab00000)
  object space 309248K, 67% used [0x00000000c0000000,0x00000000ccb77c90,0x00000000d2e00000)
 Metaspace       used 65425K, committed 66496K, reserved 1114112K
  class space    used 6925K, committed 7360K, reserved 1048576K
}
Event: 46,863 GC heap before
{Heap before GC invocations=128 (full 9):
 PSYoungGen      total 14336K, used 13859K [0x00000000eab00000, 0x00000000ebc00000, 0x0000000100000000)
  eden space 12800K, 100% used [0x00000000eab00000,0x00000000eb780000,0x00000000eb780000)
  from space 1536K, 68% used [0x00000000eb780000,0x00000000eb888c20,0x00000000eb900000)
  to   space 2048K, 0% used [0x00000000eba00000,0x00000000eba00000,0x00000000ebc00000)
 ParOldGen       total 309248K, used 208351K [0x00000000c0000000, 0x00000000d2e00000, 0x00000000eab00000)
  object space 309248K, 67% used [0x00000000c0000000,0x00000000ccb77c90,0x00000000d2e00000)
 Metaspace       used 65427K, committed 66496K, reserved 1114112K
  class space    used 6925K, committed 7360K, reserved 1048576K
}
Event: 46,869 GC heap after
{Heap after GC invocations=128 (full 9):
 PSYoungGen      total 14336K, used 2019K [0x00000000eab00000, 0x00000000ebd80000, 0x0000000100000000)
  eden space 12288K, 0% used [0x00000000eab00000,0x00000000eab00000,0x00000000eb700000)
  from space 2048K, 98% used [0x00000000eba00000,0x00000000ebbf8c20,0x00000000ebc00000)
  to   space 3072K, 0% used [0x00000000eb700000,0x00000000eb700000,0x00000000eba00000)
 ParOldGen       total 309248K, used 208863K [0x00000000c0000000, 0x00000000d2e00000, 0x00000000eab00000)
  object space 309248K, 67% used [0x00000000c0000000,0x00000000ccbf7c90,0x00000000d2e00000)
 Metaspace       used 65427K, committed 66496K, reserved 1114112K
  class space    used 6925K, committed 7360K, reserved 1048576K
}
Event: 47,720 GC heap before
{Heap before GC invocations=129 (full 9):
 PSYoungGen      total 14336K, used 14307K [0x00000000eab00000, 0x00000000ebd80000, 0x0000000100000000)
  eden space 12288K, 100% used [0x00000000eab00000,0x00000000eb700000,0x00000000eb700000)
  from space 2048K, 98% used [0x00000000eba00000,0x00000000ebbf8c20,0x00000000ebc00000)
  to   space 3072K, 0% used [0x00000000eb700000,0x00000000eb700000,0x00000000eba00000)
 ParOldGen       total 309248K, used 208863K [0x00000000c0000000, 0x00000000d2e00000, 0x00000000eab00000)
  object space 309248K, 67% used [0x00000000c0000000,0x00000000ccbf7c90,0x00000000d2e00000)
 Metaspace       used 65448K, committed 66496K, reserved 1114112K
  class space    used 6926K, committed 7360K, reserved 1048576K
}
Event: 47,725 GC heap after
{Heap after GC invocations=129 (full 9):
 PSYoungGen      total 15360K, used 2947K [0x00000000eab00000, 0x00000000ebe00000, 0x0000000100000000)
  eden space 12288K, 0% used [0x00000000eab00000,0x00000000eab00000,0x00000000eb700000)
  from space 3072K, 95% used [0x00000000eb700000,0x00000000eb9e0c20,0x00000000eba00000)
  to   space 3584K, 0% used [0x00000000eba80000,0x00000000eba80000,0x00000000ebe00000)
 ParOldGen       total 309248K, used 208895K [0x00000000c0000000, 0x00000000d2e00000, 0x00000000eab00000)
  object space 309248K, 67% used [0x00000000c0000000,0x00000000ccbffc90,0x00000000d2e00000)
 Metaspace       used 65448K, committed 66496K, reserved 1114112K
  class space    used 6926K, committed 7360K, reserved 1048576K
}
Event: 48,075 GC heap before
{Heap before GC invocations=130 (full 9):
 PSYoungGen      total 15360K, used 15235K [0x00000000eab00000, 0x00000000ebe00000, 0x0000000100000000)
  eden space 12288K, 100% used [0x00000000eab00000,0x00000000eb700000,0x00000000eb700000)
  from space 3072K, 95% used [0x00000000eb700000,0x00000000eb9e0c20,0x00000000eba00000)
  to   space 3584K, 0% used [0x00000000eba80000,0x00000000eba80000,0x00000000ebe00000)
 ParOldGen       total 309248K, used 208895K [0x00000000c0000000, 0x00000000d2e00000, 0x00000000eab00000)
  object space 309248K, 67% used [0x00000000c0000000,0x00000000ccbffc90,0x00000000d2e00000)
 Metaspace       used 65449K, committed 66496K, reserved 1114112K
  class space    used 6926K, committed 7360K, reserved 1048576K
}
Event: 48,081 GC heap after
{Heap after GC invocations=130 (full 9):
 PSYoungGen      total 15360K, used 3555K [0x00000000eab00000, 0x00000000ebf00000, 0x0000000100000000)
  eden space 11776K, 0% used [0x00000000eab00000,0x00000000eab00000,0x00000000eb680000)
  from space 3584K, 99% used [0x00000000eba80000,0x00000000ebdf8c20,0x00000000ebe00000)
  to   space 4096K, 0% used [0x00000000eb680000,0x00000000eb680000,0x00000000eba80000)
 ParOldGen       total 309248K, used 208967K [0x00000000c0000000, 0x00000000d2e00000, 0x00000000eab00000)
  object space 309248K, 67% used [0x00000000c0000000,0x00000000ccc11c90,0x00000000d2e00000)
 Metaspace       used 65449K, committed 66496K, reserved 1114112K
  class space    used 6926K, committed 7360K, reserved 1048576K
}
Event: 49,128 GC heap before
{Heap before GC invocations=131 (full 9):
 PSYoungGen      total 15360K, used 15331K [0x00000000eab00000, 0x00000000ebf00000, 0x0000000100000000)
  eden space 11776K, 100% used [0x00000000eab00000,0x00000000eb680000,0x00000000eb680000)
  from space 3584K, 99% used [0x00000000eba80000,0x00000000ebdf8c20,0x00000000ebe00000)
  to   space 4096K, 0% used [0x00000000eb680000,0x00000000eb680000,0x00000000eba80000)
 ParOldGen       total 309248K, used 208967K [0x00000000c0000000, 0x00000000d2e00000, 0x00000000eab00000)
  object space 309248K, 67% used [0x00000000c0000000,0x00000000ccc11c90,0x00000000d2e00000)
 Metaspace       used 65570K, committed 66624K, reserved 1114112K
  class space    used 6932K, committed 7360K, reserved 1048576K
}
Event: 49,133 GC heap after
{Heap after GC invocations=131 (full 9):
 PSYoungGen      total 15360K, used 3139K [0x00000000eab00000, 0x00000000ebd80000, 0x0000000100000000)
  eden space 11776K, 0% used [0x00000000eab00000,0x00000000eab00000,0x00000000eb680000)
  from space 3584K, 87% used [0x00000000eb680000,0x00000000eb990c20,0x00000000eba00000)
  to   space 3584K, 0% used [0x00000000eba00000,0x00000000eba00000,0x00000000ebd80000)
 ParOldGen       total 309248K, used 208999K [0x00000000c0000000, 0x00000000d2e00000, 0x00000000eab00000)
  object space 309248K, 67% used [0x00000000c0000000,0x00000000ccc19c90,0x00000000d2e00000)
 Metaspace       used 65570K, committed 66624K, reserved 1114112K
  class space    used 6932K, committed 7360K, reserved 1048576K
}
Event: 49,182 GC heap before
{Heap before GC invocations=132 (full 9):
 PSYoungGen      total 15360K, used 14915K [0x00000000eab00000, 0x00000000ebd80000, 0x0000000100000000)
  eden space 11776K, 100% used [0x00000000eab00000,0x00000000eb680000,0x00000000eb680000)
  from space 3584K, 87% used [0x00000000eb680000,0x00000000eb990c20,0x00000000eba00000)
  to   space 3584K, 0% used [0x00000000eba00000,0x00000000eba00000,0x00000000ebd80000)
 ParOldGen       total 309248K, used 208999K [0x00000000c0000000, 0x00000000d2e00000, 0x00000000eab00000)
  object space 309248K, 67% used [0x00000000c0000000,0x00000000ccc19c90,0x00000000d2e00000)
 Metaspace       used 65613K, committed 66624K, reserved 1114112K
  class space    used 6935K, committed 7360K, reserved 1048576K
}
Event: 49,188 GC heap after
{Heap after GC invocations=132 (full 9):
 PSYoungGen      total 14848K, used 3555K [0x00000000eab00000, 0x00000000ebe80000, 0x0000000100000000)
  eden space 11264K, 0% used [0x00000000eab00000,0x00000000eab00000,0x00000000eb600000)
  from space 3584K, 99% used [0x00000000eba00000,0x00000000ebd78c20,0x00000000ebd80000)
  to   space 4096K, 0% used [0x00000000eb600000,0x00000000eb600000,0x00000000eba00000)
 ParOldGen       total 309248K, used 209023K [0x00000000c0000000, 0x00000000d2e00000, 0x00000000eab00000)
  object space 309248K, 67% used [0x00000000c0000000,0x00000000ccc1fc90,0x00000000d2e00000)
 Metaspace       used 65613K, committed 66624K, reserved 1114112K
  class space    used 6935K, committed 7360K, reserved 1048576K
}

